timestamp: 2017-10-05T13:08:12.512000
CREATE TABLE "auth_user"(
    "id" INTEGER PRIMARY KEY AUTOINCREMENT,
    "first_name" CHAR(128),
    "last_name" CHAR(128),
    "email" CHAR(512),
    "password" CHAR(512),
    "registration_key" CHAR(512),
    "reset_password_key" CHAR(512),
    "registration_id" CHAR(512)
);
success!
timestamp: 2017-10-05T13:08:12.796000
CREATE TABLE "auth_group"(
    "id" INTEGER PRIMARY KEY AUTOINCREMENT,
    "role" CHAR(512),
    "description" TEXT
);
success!
timestamp: 2017-10-05T13:08:12.941000
CREATE TABLE "auth_membership"(
    "id" INTEGER PRIMARY KEY AUTOINCREMENT,
    "user_id" INTEGER REFERENCES "auth_user" ("id") ON DELETE CASCADE  ,
    "group_id" INTEGER REFERENCES "auth_group" ("id") ON DELETE CASCADE  
);
success!
timestamp: 2017-10-05T13:08:13.647000
CREATE TABLE "auth_permission"(
    "id" INTEGER PRIMARY KEY AUTOINCREMENT,
    "group_id" INTEGER REFERENCES "auth_group" ("id") ON DELETE CASCADE  ,
    "name" CHAR(512),
    "table_name" CHAR(512),
    "record_id" INTEGER
);
success!
timestamp: 2017-10-05T13:08:13.970000
CREATE TABLE "auth_event"(
    "id" INTEGER PRIMARY KEY AUTOINCREMENT,
    "time_stamp" TIMESTAMP,
    "client_ip" CHAR(512),
    "user_id" INTEGER REFERENCES "auth_user" ("id") ON DELETE CASCADE  ,
    "origin" CHAR(512),
    "description" TEXT
);
success!
timestamp: 2017-10-05T13:08:14.154000
CREATE TABLE "auth_cas"(
    "id" INTEGER PRIMARY KEY AUTOINCREMENT,
    "user_id" INTEGER REFERENCES "auth_user" ("id") ON DELETE CASCADE  ,
    "created_on" TIMESTAMP,
    "service" CHAR(512),
    "ticket" CHAR(512),
    "renew" CHAR(1)
);
success!
timestamp: 2017-10-05T13:08:14.381000
CREATE TABLE "t_registro_clima"(
    "id" INTEGER PRIMARY KEY AUTOINCREMENT,
    "f_temperatura" CHAR(512),
    "f_humedad" CHAR(512),
    "f_sensacion_termica" CHAR(512)
);
success!
timestamp: 2017-10-05T13:08:14.740000
CREATE TABLE "t_registro_clima_archive"(
    "id" INTEGER PRIMARY KEY AUTOINCREMENT,
    "f_temperatura" CHAR(512),
    "f_humedad" CHAR(512),
    "f_sensacion_termica" CHAR(512),
    "current_record" INTEGER REFERENCES "t_registro_clima" ("id") ON DELETE CASCADE  
);
success!
timestamp: 2017-10-05T13:48:17.018000
CREATE TABLE "registro_clima"(
    "id" INTEGER PRIMARY KEY AUTOINCREMENT,
    "fecha" CHAR(20),
    "temp" CHAR(5),
    "hume" CHAR(5),
    "ster" CHAR(5)
);
success!
timestamp: 2017-10-05T13:48:17.231000
CREATE TABLE "t_registro_clima"(
    "id" INTEGER PRIMARY KEY AUTOINCREMENT,
    "f_temperatura" CHAR(512),
    "f_humedad" CHAR(512),
    "f_sensacion_termica" CHAR(512)
);
success!
timestamp: 2017-10-05T13:48:17.349000
CREATE TABLE "t_registro_clima_archive"(
    "id" INTEGER PRIMARY KEY AUTOINCREMENT,
    "f_temperatura" CHAR(512),
    "f_humedad" CHAR(512),
    "f_sensacion_termica" CHAR(512),
    "current_record" INTEGER REFERENCES "t_registro_clima" ("id") ON DELETE CASCADE  
);
success!
timestamp: 2017-10-06T09:05:04.970000
ALTER TABLE "t_registro_clima" ADD "temperatura" CHAR(512);
timestamp: 2017-10-06T09:05:05.074000
ALTER TABLE "t_registro_clima" ADD "fechahora" CHAR(512);
timestamp: 2017-10-06T09:05:05.291000
ALTER TABLE "t_registro_clima" ADD "sensacion_termica" CHAR(512);
timestamp: 2017-10-06T09:05:05.445000
ALTER TABLE "t_registro_clima" ADD "humedad" CHAR(512);
success!
timestamp: 2017-10-06T09:05:06.250000
ALTER TABLE "t_registro_clima_archive" ADD "temperatura" CHAR(512);
timestamp: 2017-10-06T09:05:06.454000
ALTER TABLE "t_registro_clima_archive" ADD "fechahora" CHAR(512);
timestamp: 2017-10-06T09:05:06.562000
ALTER TABLE "t_registro_clima_archive" ADD "humedad" CHAR(512);
timestamp: 2017-10-06T09:05:06.887000
ALTER TABLE "t_registro_clima_archive" ADD "sensacion_termica" CHAR(512);
success!
success!
success!
success!
success!
success!
success!
success!
success!
success!
success!
success!
success!
success!
success!
success!
success!
success!
success!
success!
success!
success!
success!
success!
success!
success!
success!
success!
success!
success!
success!
success!
success!
success!
success!
success!
success!
success!
success!
success!
success!
success!
success!
success!
success!
success!
success!
success!
success!
success!
success!
success!
success!
success!
success!
success!
success!
success!
success!
success!
success!
success!
success!
success!
success!
timestamp: 2017-10-06T09:35:29.351000
ALTER TABLE "t_registro_clima" ADD "velocidad_viento" CHAR(512);
timestamp: 2017-10-06T09:35:29.640000
ALTER TABLE "t_registro_clima" ADD "direccion_viento" CHAR(512);
timestamp: 2017-10-06T09:35:29.890000
ALTER TABLE "t_registro_clima" ADD "indice_uv" CHAR(512);
timestamp: 2017-10-06T09:35:29.990000
ALTER TABLE "t_registro_clima" ADD "cantidad_lluvia" CHAR(512);
success!
timestamp: 2017-10-06T09:35:30.649000
ALTER TABLE "t_registro_clima_archive" ADD "velocidad_viento" CHAR(512);
timestamp: 2017-10-06T09:35:30.851000
ALTER TABLE "t_registro_clima_archive" ADD "direccion_viento" CHAR(512);
timestamp: 2017-10-06T09:35:31.114000
ALTER TABLE "t_registro_clima_archive" ADD "indice_uv" CHAR(512);
timestamp: 2017-10-06T09:35:31.231000
ALTER TABLE "t_registro_clima_archive" ADD "cantidad_lluvia" CHAR(512);
success!
success!
success!
success!
success!
success!
success!
success!
success!
success!
success!
success!
success!
success!
success!
success!
success!
success!
success!
success!
success!
success!
success!
success!
success!
success!
success!
success!
success!
success!
success!
success!
success!
success!
success!
success!
success!
success!
success!
success!
success!
success!
success!
success!
success!
success!
success!
success!
success!
success!
success!
success!
success!
success!
success!
success!
success!
success!
success!
success!
success!
success!
success!
success!
success!
success!
success!
success!
success!
success!
success!
success!
success!
success!
success!
success!
success!
success!
success!
success!
success!
success!
success!
success!
success!
success!
success!
success!
success!
success!
success!
success!
success!
success!
success!
success!
success!
success!
success!
success!
success!
success!
success!
success!
success!
success!
success!
success!
success!
success!
success!
success!
success!
success!
success!
success!
success!
success!
success!
success!
success!
success!
success!
success!
success!
success!
success!
success!
success!
success!
success!
success!
success!
success!
success!
success!
success!
success!
success!
success!
success!
success!
success!
success!
success!
success!
success!
success!
success!
success!
success!
success!
success!
success!
success!
success!
success!
success!
success!
success!
success!
success!
success!
success!
success!
success!
success!
success!
success!
success!
success!
success!
success!
success!
success!
success!
success!
success!
success!
success!
success!
success!
success!
success!
success!
success!
success!
success!
success!
success!
success!
success!
success!
success!
success!
success!
success!
success!
success!
success!
success!
success!
success!
success!
success!
success!
success!
success!
success!
success!
success!
success!
success!
success!
success!
success!
success!
success!
success!
success!
success!
success!
success!
success!
success!
success!
success!
success!
success!
success!
success!
success!
success!
success!
success!
success!
success!
success!
success!
success!
success!
success!
success!
success!
success!
success!
success!
success!
success!
success!
success!
success!
success!
success!
success!
success!
success!
success!
success!
success!
success!
success!
success!
success!
success!
success!
success!
success!
success!
success!
success!
success!
success!
success!
success!
success!
success!
success!
success!
success!
success!
success!
success!
success!
success!
success!
success!
success!
success!
success!
success!
success!
success!
success!
success!
success!
success!
success!
success!
success!
success!
success!
success!
success!
success!
success!
success!
success!
success!
success!
success!
success!
success!
success!
success!
success!
success!
success!
success!
success!
success!
success!
success!
success!
success!
success!
success!
success!
success!
success!
success!
success!
success!
success!
success!
success!
success!
success!
success!
success!
success!
success!
success!
success!
success!
success!
success!
success!
success!
success!
success!
success!
success!
success!
success!
success!
success!
success!
success!
success!
success!
success!
success!
success!
success!
success!
success!
success!
success!
success!
success!
success!
success!
success!
success!
success!
success!
success!
success!
success!
success!
success!
success!
success!
success!
success!
success!
success!
success!
success!
success!
success!
success!
success!
success!
success!
success!
success!
success!
success!
success!
success!
success!
success!
success!
success!
success!
success!
success!
success!
success!
success!
success!
success!
success!
success!
success!
success!
success!
success!
success!
success!
success!
success!
success!
success!
success!
success!
success!
success!
success!
