[2017-10-05 13:54:40] START
[2017-10-05 13:54:40] EDIT Estacion_meteoro/controllers/default.py: 0
[2017-10-06 09:01:43] EDIT Estacion_meteoro/models/db_wizard.py: 2
[2017-10-06 09:05:02] EDIT Estacion_meteoro/models/db_wizard.py: 0
[2017-10-06 09:35:27] EDIT Estacion_meteoro/models/db_wizard.py: 8
[2017-10-06 09:35:46] EDIT Estacion_meteoro/models/db_wizard.py: 0
[2017-10-06 09:45:42] EDIT Estacion_meteoro/models/db_wizard.py: 0
[2017-10-06 09:49:26] EDIT Estacion_meteoro/models/db_wizard.py: 0
[2017-10-06 09:55:08] EDIT Estacion_meteoro/models/db_wizard.py: 0
[2017-10-06 09:56:37] EDIT Estacion_meteoro/views/default/actual_manage.html: 1
[2017-10-06 09:58:17] EDIT Estacion_meteoro/views/default/actual_manage.html: 0
[2017-10-06 09:58:30] EDIT Estacion_meteoro/views/default/actual_manage.html: -1
[2017-10-06 09:58:41] EDIT Estacion_meteoro/views/default/actual_manage.html: 0
[2017-10-06 09:58:49] EDIT Estacion_meteoro/views/default/registro_clima_manage.html: 0
[2017-10-06 09:59:06] EDIT Estacion_meteoro/views/default/actual_manage.html: 0
[2017-10-06 09:59:08] EDIT Estacion_meteoro/views/default/actual_manage.html: 0
[2017-10-06 09:59:18] EDIT Estacion_meteoro/views/default/actual_manage.html: 0
[2017-10-06 09:59:45] EDIT Estacion_meteoro/views/default/registro_clima_manage.html: 0
[2017-10-06 10:01:41] EDIT Estacion_meteoro/views/default/actual_manage.html: 2
[2017-10-06 10:02:29] EDIT Estacion_meteoro/views/default/actual_manage.html: -2
[2017-10-08 10:24:56] EDIT Estacion_meteoro/views/default/actual_manage.html: 3
[2017-10-08 10:25:20] EDIT Estacion_meteoro/views/default/actual_manage.html: -3
[2017-10-10 12:49:17] EDIT Estacion_meteoro/views/default/index.html: 0
[2017-10-10 14:42:29] EDIT Estacion_meteoro/controllers/default.py: -3
[2017-10-11 09:34:29] EDIT Estacion_meteoro/models/db.py: -2
[2017-10-11 09:37:24] EDIT Estacion_meteoro/models/db.py: 1
[2017-10-11 12:12:12] EDIT Estacion_meteoro/models/db_wizard.py: 0
[2017-10-11 12:12:27] EDIT Estacion_meteoro/models/db_wizard.py: 0
[2017-10-11 12:12:40] EDIT Estacion_meteoro/models/db_wizard.py: 0
[2017-10-11 12:14:37] EDIT Estacion_meteoro/models/db.py: 0
[2017-10-11 12:14:47] EDIT Estacion_meteoro/models/db.py: 0
[2017-10-11 12:16:30] EDIT Estacion_meteoro/models/db_wizard.py: 1
[2017-10-11 12:17:06] EDIT Estacion_meteoro/models/db_wizard.py: -1
[2017-10-11 14:26:16] EDIT Estacion_meteoro/models/db_wizard.py: 2
[2017-10-11 14:37:51] EDIT Estacion_meteoro/models/db_wizard.py: 2
[2017-10-11 14:48:57] EDIT Estacion_meteoro/views/default/registro_clima_manage.html: 5
[2017-10-11 15:43:33] EDIT Estacion_meteoro/models/db_wizard.py: 0
[2017-10-12 07:53:22] EDIT Estacion_meteoro/views/default/actual_manage.html: 4
[2017-10-12 07:54:28] EDIT Estacion_meteoro/views/default/actual_manage.html: -4
[2017-10-12 08:05:01] EDIT Estacion_meteoro/views/default/actual_manage.html: 4
[2017-10-12 08:07:00] EDIT Estacion_meteoro/views/default/actual_manage.html: 0
[2017-10-12 08:07:50] EDIT Estacion_meteoro/views/default/actual_manage.html: -4
[2017-10-12 08:09:39] EDIT Estacion_meteoro/views/default/actual_manage.html: 4
[2017-10-12 08:10:29] EDIT Estacion_meteoro/views/default/actual_manage.html: -4
[2017-10-12 13:32:45] EDIT Estacion_meteoro/controllers/default.py: 148
[2017-10-12 13:33:37] EDIT Estacion_meteoro/views/default/actual_manage.html: 3
[2017-10-12 13:34:10] EDIT Estacion_meteoro/views/default/actual_manage.html: 1
[2017-10-17 14:32:21] EDIT Estacion_meteoro/views/default/actual_manage.html: -4
[2017-10-17 14:34:00] EDIT Estacion_meteoro/views/default/actual_manage.html: 0
[2017-10-18 16:27:37] EDIT Estacion_meteoro/views/default/index.html: 1
[2017-10-18 16:28:00] EDIT Estacion_meteoro/views/default/index.html: 0
[2017-10-18 16:28:48] EDIT Estacion_meteoro/views/default/index.html: 0
[2017-10-18 16:30:54] EDIT Estacion_meteoro/views/default/index.html: 0
[2017-10-18 16:32:47] EDIT Estacion_meteoro/views/default/index.html: 0
[2017-10-18 16:33:27] EDIT Estacion_meteoro/views/default/index.html: 0
[2017-10-18 16:34:54] EDIT Estacion_meteoro/views/default/index.html: 0
[2017-10-18 16:35:51] EDIT Estacion_meteoro/views/default/index.html: 0
[2017-10-18 16:36:59] EDIT Estacion_meteoro/views/default/index.html: 0
[2017-10-18 16:37:29] EDIT Estacion_meteoro/views/default/index.html: 0
[2017-10-18 16:37:42] EDIT Estacion_meteoro/views/default/index.html: 0
[2017-10-18 16:41:06] EDIT Estacion_meteoro/views/default/index.html: 0
[2017-10-18 16:42:35] EDIT Estacion_meteoro/views/default/index.html: 0
[2017-10-18 16:43:32] EDIT Estacion_meteoro/views/default/index.html: 0
[2017-10-18 16:43:50] EDIT Estacion_meteoro/views/default/index.html: 0
